[0108/190956.308:ERROR:gpu_init.cc(426)] Passthrough is not supported, GL is disabled
[0108/195145.641:WARNING:angle_platform_impl.cc(48)] HLSLCompiler.cpp:257 (compileToBinary): 
C:\fakepath(85,1-6): warning X4000: use of potentially uninitialized variable (dyn_index_vec4_float4)

[0108/195145.807:WARNING:angle_platform_impl.cc(48)] HLSLCompiler.cpp:257 (compileToBinary): 
C:\fakepath(135,1): warning X4000: use of potentially uninitialized variable (f_i)
C:\fakepath(137,1): warning X4000: use of potentially uninitialized variable (f_i)
C:\fakepath(173,1): warning X4000: use of potentially uninitialized variable (f_u)

[0108/195149.195:WARNING:angle_platform_impl.cc(48)] HLSLCompiler.cpp:257 (compileToBinary): 
C:\fakepath(409,10-38): warning X4008: floating point division by zero
C:\fakepath(409,10-38): warning X4008: floating point division by zero

[0108/195219.652:ERROR:shared_image_manager.cc(214)] SharedImageManager::ProduceSkia: Trying to Produce a Skia representation from a non-existent mailbox.
[0108/201010.024:WARNING:angle_platform_impl.cc(48)] HLSLCompiler.cpp:257 (compileToBinary): 
C:\fakepath(85,1-6): warning X4000: use of potentially uninitialized variable (dyn_index_vec4_float4)

[0108/201010.168:WARNING:angle_platform_impl.cc(48)] HLSLCompiler.cpp:257 (compileToBinary): 
C:\fakepath(135,1): warning X4000: use of potentially uninitialized variable (f_i)
C:\fakepath(137,1): warning X4000: use of potentially uninitialized variable (f_i)
C:\fakepath(173,1): warning X4000: use of potentially uninitialized variable (f_u)

[0108/201223.982:WARNING:angle_platform_impl.cc(48)] HLSLCompiler.cpp:257 (compileToBinary): 
C:\fakepath(85,1-6): warning X4000: use of potentially uninitialized variable (dyn_index_vec4_float4)

[0108/201224.104:WARNING:angle_platform_impl.cc(48)] HLSLCompiler.cpp:257 (compileToBinary): 
C:\fakepath(135,1): warning X4000: use of potentially uninitialized variable (f_i)
C:\fakepath(137,1): warning X4000: use of potentially uninitialized variable (f_i)
C:\fakepath(173,1): warning X4000: use of potentially uninitialized variable (f_u)

[0108/201227.318:WARNING:angle_platform_impl.cc(48)] HLSLCompiler.cpp:257 (compileToBinary): 
C:\fakepath(409,10-38): warning X4008: floating point division by zero
C:\fakepath(409,10-38): warning X4008: floating point division by zero

[0108/201251.943:WARNING:angle_platform_impl.cc(48)] HLSLCompiler.cpp:257 (compileToBinary): 
C:\fakepath(85,1-6): warning X4000: use of potentially uninitialized variable (dyn_index_vec4_float4)

[0108/201252.070:WARNING:angle_platform_impl.cc(48)] HLSLCompiler.cpp:257 (compileToBinary): 
C:\fakepath(135,1): warning X4000: use of potentially uninitialized variable (f_i)
C:\fakepath(137,1): warning X4000: use of potentially uninitialized variable (f_i)
C:\fakepath(173,1): warning X4000: use of potentially uninitialized variable (f_u)

[0108/201254.579:WARNING:angle_platform_impl.cc(48)] HLSLCompiler.cpp:257 (compileToBinary): 
C:\fakepath(409,10-38): warning X4008: floating point division by zero
C:\fakepath(409,10-38): warning X4008: floating point division by zero

[0108/220027.383:ERROR:entry_impl.cc(1075)] No file for 80000091
[0108/220027.385:ERROR:entry_impl.cc(1075)] No file for 80000049
[0108/220027.385:ERROR:entry_impl.cc(1075)] No file for 80000047
[0108/220027.386:ERROR:entry_impl.cc(1075)] No file for 800000a1
[0108/220027.386:ERROR:entry_impl.cc(1075)] No file for 800000a6
[0108/220027.387:ERROR:entry_impl.cc(1075)] No file for 800000a5
[0108/220027.387:ERROR:entry_impl.cc(1075)] No file for 800000a3
[0108/220027.388:ERROR:entry_impl.cc(1075)] No file for 80000092
[0108/220027.388:ERROR:entry_impl.cc(1075)] No file for 80000095
[0108/220027.388:ERROR:entry_impl.cc(1075)] No file for 800000a4
[0108/220027.389:ERROR:entry_impl.cc(1075)] No file for 80000093
[0108/220027.389:ERROR:entry_impl.cc(1075)] No file for 8000009d
[0108/220027.389:ERROR:entry_impl.cc(1075)] No file for 800000a0
[0108/220027.389:ERROR:entry_impl.cc(1075)] No file for 80000096
[0108/220027.390:ERROR:entry_impl.cc(1075)] No file for 800000a7
[0108/220027.390:ERROR:entry_impl.cc(1075)] No file for 8000009e
[0108/220027.390:ERROR:entry_impl.cc(1075)] No file for 80000098
[0108/220027.390:ERROR:entry_impl.cc(1075)] No file for 8000004f
[0108/220027.391:ERROR:entry_impl.cc(1075)] No file for 8000009b
[0108/220027.391:ERROR:entry_impl.cc(1075)] No file for 8000009a
[0108/220027.517:ERROR:entry_impl.cc(1075)] No file for 80000097
[0108/220027.526:ERROR:entry_impl.cc(1075)] No file for 8000009c
[0108/220027.540:ERROR:entry_impl.cc(1075)] No file for 80000094
[0108/220027.627:ERROR:entry_impl.cc(1075)] No file for 80000099
[0108/220031.562:ERROR:entry_impl.cc(1075)] No file for 800000fc
[0108/220032.135:ERROR:entry_impl.cc(1075)] No file for 800000bc
[0108/220032.136:ERROR:entry_impl.cc(1075)] No file for 800000fb
[0108/220032.145:ERROR:entry_impl.cc(1075)] No file for 80000104
[0108/220032.146:ERROR:entry_impl.cc(1075)] No file for 800000c0
[0108/220032.146:ERROR:entry_impl.cc(1075)] No file for 80000100
[0108/220032.146:ERROR:entry_impl.cc(1075)] No file for 80000105
[0108/220032.146:ERROR:entry_impl.cc(1075)] No file for 800000ff
[0108/220032.147:ERROR:entry_impl.cc(1075)] No file for 80000102
[0108/220032.163:ERROR:entry_impl.cc(1075)] No file for 800000c7
[0108/220032.169:ERROR:entry_impl.cc(1075)] No file for 800000c2
[0108/220032.173:ERROR:entry_impl.cc(1075)] No file for 800000bb
[0108/220032.188:ERROR:entry_impl.cc(1075)] No file for 800000fd
[0108/220032.191:ERROR:entry_impl.cc(1075)] No file for 80000101
[0108/220032.197:ERROR:entry_impl.cc(1075)] No file for 80000103
[0108/220032.199:ERROR:entry_impl.cc(1075)] No file for 800000fe
