[1109/192751.894:WARNING:angle_platform_impl.cc(48)] HLSLCompiler.cpp:257 (compileToBinary): 
C:\fakepath(85,1-6): warning X4000: use of potentially uninitialized variable (dyn_index_vec4_float4)

[1109/192752.017:WARNING:angle_platform_impl.cc(48)] HLSLCompiler.cpp:257 (compileToBinary): 
C:\fakepath(131,1): warning X4000: use of potentially uninitialized variable (f_i)
C:\fakepath(133,1): warning X4000: use of potentially uninitialized variable (f_i)
C:\fakepath(169,1): warning X4000: use of potentially uninitialized variable (f_u)

[1109/192754.432:WARNING:angle_platform_impl.cc(48)] HLSLCompiler.cpp:257 (compileToBinary): 
C:\fakepath(155,1): warning X4000: use of potentially uninitialized variable (f_renderMipMapLevel)

[1109/192754.487:WARNING:angle_platform_impl.cc(48)] HLSLCompiler.cpp:257 (compileToBinary): 
C:\fakepath(155,1): warning X4000: use of potentially uninitialized variable (f_renderMipMapLevel)

[1109/192755.662:WARNING:angle_platform_impl.cc(48)] HLSLCompiler.cpp:257 (compileToBinary): 
C:\fakepath(408,10-38): warning X4008: floating point division by zero
C:\fakepath(408,10-38): warning X4008: floating point division by zero

[1109/192821.123:ERROR:shared_image_manager.cc(214)] SharedImageManager::ProduceSkia: Trying to Produce a Skia representation from a non-existent mailbox.
[1109/192910.837:ERROR:gpu_init.cc(426)] Passthrough is not supported, GL is disabled
[1109/192930.129:WARNING:used_ids.h(55)] Duplicate id found. Reassigning from 104 to 127
[1109/192930.129:WARNING:used_ids.h(55)] Duplicate id found. Reassigning from 102 to 125
[1109/192930.129:WARNING:used_ids.h(55)] Duplicate id found. Reassigning from 104 to 124
[1109/192930.129:WARNING:used_ids.h(55)] Duplicate id found. Reassigning from 106 to 123
[1109/192930.129:WARNING:used_ids.h(55)] Duplicate id found. Reassigning from 110 to 122
[1109/192930.129:WARNING:used_ids.h(55)] Duplicate id found. Reassigning from 103 to 121
[1109/192930.129:WARNING:used_ids.h(55)] Duplicate id found. Reassigning from 105 to 120
[1109/192930.129:WARNING:used_ids.h(55)] Duplicate id found. Reassigning from 111 to 119
[1109/192930.129:WARNING:used_ids.h(55)] Duplicate id found. Reassigning from 1 to 14
[1109/192930.129:WARNING:used_ids.h(55)] Duplicate id found. Reassigning from 3 to 13
[1109/192930.129:WARNING:used_ids.h(55)] Duplicate id found. Reassigning from 5 to 12
[1109/192930.129:WARNING:used_ids.h(55)] Duplicate id found. Reassigning from 6 to 11
[1109/192930.130:ERROR:audio_rtp_receiver.cc(88)] AudioRtpReceiver::OnSetVolume: No audio channel exists.
[1109/192943.334:WARNING:used_ids.h(55)] Duplicate id found. Reassigning from 104 to 127
[1109/192943.334:WARNING:used_ids.h(55)] Duplicate id found. Reassigning from 102 to 125
[1109/192943.334:WARNING:used_ids.h(55)] Duplicate id found. Reassigning from 104 to 124
[1109/192943.334:WARNING:used_ids.h(55)] Duplicate id found. Reassigning from 106 to 123
[1109/192943.334:WARNING:used_ids.h(55)] Duplicate id found. Reassigning from 110 to 122
[1109/192943.334:WARNING:used_ids.h(55)] Duplicate id found. Reassigning from 103 to 121
[1109/192943.334:WARNING:used_ids.h(55)] Duplicate id found. Reassigning from 105 to 120
[1109/192943.335:WARNING:used_ids.h(55)] Duplicate id found. Reassigning from 111 to 119
[1109/192943.566:WARNING:stun_port.cc(450)] Port[41815280:0:1:0:local:Net[any:0:0:0:x:x:x:x:x/0:Wildcard:id=0]]: StunPort: stun host lookup received error 0
[1109/192943.588:WARNING:turn_port.cc(826)] Port[4025ad00:0:1:0:relay:Net[any:0:0:0:x:x:x:x:x/0:Wildcard:id=0]]: TURN host lookup received error 0
[1109/192943.588:WARNING:turn_port.cc(826)] Port[40259e00:0:1:0:relay:Net[any:0:0:0:x:x:x:x:x/0:Wildcard:id=0]]: TURN host lookup received error 0
[1109/192943.593:ERROR:stun_port.cc(76)] Binding error response: class=4 number=1 reason=Unauthorized
[1109/192943.617:WARNING:turn_port.cc(477)] Socket is bound to the address:192.168.0.x, rather than an address associated with network:Net[any:0.0.0.x/0:Wildcard:id=0]. Still allowing it since it's the 'any' address, possibly caused by multiple_routes being disabled.
[1109/195150.008:WARNING:angle_platform_impl.cc(48)] HLSLCompiler.cpp:257 (compileToBinary): 
C:\fakepath(85,1-6): warning X4000: use of potentially uninitialized variable (dyn_index_vec4_float4)

[1109/195150.164:WARNING:angle_platform_impl.cc(48)] HLSLCompiler.cpp:257 (compileToBinary): 
C:\fakepath(131,1): warning X4000: use of potentially uninitialized variable (f_i)
C:\fakepath(133,1): warning X4000: use of potentially uninitialized variable (f_i)
C:\fakepath(169,1): warning X4000: use of potentially uninitialized variable (f_u)

[1109/195151.247:ERROR:shared_image_manager.cc(214)] SharedImageManager::ProduceSkia: Trying to Produce a Skia representation from a non-existent mailbox.
[1109/195156.499:WARNING:angle_platform_impl.cc(48)] HLSLCompiler.cpp:257 (compileToBinary): 
C:\fakepath(85,1-6): warning X4000: use of potentially uninitialized variable (dyn_index_vec4_float4)

[1109/195156.636:WARNING:angle_platform_impl.cc(48)] HLSLCompiler.cpp:257 (compileToBinary): 
C:\fakepath(131,1): warning X4000: use of potentially uninitialized variable (f_i)
C:\fakepath(133,1): warning X4000: use of potentially uninitialized variable (f_i)
C:\fakepath(169,1): warning X4000: use of potentially uninitialized variable (f_u)

[1109/195201.586:WARNING:angle_platform_impl.cc(48)] HLSLCompiler.cpp:257 (compileToBinary): 
C:\fakepath(155,1): warning X4000: use of potentially uninitialized variable (f_renderMipMapLevel)

[1109/195202.781:WARNING:angle_platform_impl.cc(48)] HLSLCompiler.cpp:257 (compileToBinary): 
C:\fakepath(408,10-38): warning X4008: floating point division by zero
C:\fakepath(408,10-38): warning X4008: floating point division by zero

[1109/195243.216:WARNING:angle_platform_impl.cc(48)] HLSLCompiler.cpp:257 (compileToBinary): 
C:\fakepath(85,1-6): warning X4000: use of potentially uninitialized variable (dyn_index_vec4_float4)

[1109/195243.341:WARNING:angle_platform_impl.cc(48)] HLSLCompiler.cpp:257 (compileToBinary): 
C:\fakepath(131,1): warning X4000: use of potentially uninitialized variable (f_i)
C:\fakepath(133,1): warning X4000: use of potentially uninitialized variable (f_i)
C:\fakepath(169,1): warning X4000: use of potentially uninitialized variable (f_u)

[1109/195245.205:WARNING:angle_platform_impl.cc(48)] HLSLCompiler.cpp:257 (compileToBinary): 
C:\fakepath(155,1): warning X4000: use of potentially uninitialized variable (f_renderMipMapLevel)

[1109/195246.713:WARNING:angle_platform_impl.cc(48)] HLSLCompiler.cpp:257 (compileToBinary): 
C:\fakepath(408,10-38): warning X4008: floating point division by zero
C:\fakepath(408,10-38): warning X4008: floating point division by zero

[1109/195437.477:WARNING:angle_platform_impl.cc(48)] HLSLCompiler.cpp:257 (compileToBinary): 
C:\fakepath(85,1-6): warning X4000: use of potentially uninitialized variable (dyn_index_vec4_float4)

[1109/195437.604:WARNING:angle_platform_impl.cc(48)] HLSLCompiler.cpp:257 (compileToBinary): 
C:\fakepath(131,1): warning X4000: use of potentially uninitialized variable (f_i)
C:\fakepath(133,1): warning X4000: use of potentially uninitialized variable (f_i)
C:\fakepath(169,1): warning X4000: use of potentially uninitialized variable (f_u)

[1109/195441.713:WARNING:angle_platform_impl.cc(48)] HLSLCompiler.cpp:257 (compileToBinary): 
C:\fakepath(408,10-38): warning X4008: floating point division by zero
C:\fakepath(408,10-38): warning X4008: floating point division by zero

[1109/195529.017:WARNING:used_ids.h(55)] Duplicate id found. Reassigning from 104 to 127
[1109/195529.017:WARNING:used_ids.h(55)] Duplicate id found. Reassigning from 102 to 125
[1109/195529.017:WARNING:used_ids.h(55)] Duplicate id found. Reassigning from 104 to 124
[1109/195529.017:WARNING:used_ids.h(55)] Duplicate id found. Reassigning from 106 to 123
[1109/195529.017:WARNING:used_ids.h(55)] Duplicate id found. Reassigning from 110 to 122
[1109/195529.017:WARNING:used_ids.h(55)] Duplicate id found. Reassigning from 103 to 121
[1109/195529.017:WARNING:used_ids.h(55)] Duplicate id found. Reassigning from 105 to 120
[1109/195529.017:WARNING:used_ids.h(55)] Duplicate id found. Reassigning from 111 to 119
[1109/195529.017:WARNING:used_ids.h(55)] Duplicate id found. Reassigning from 1 to 14
[1109/195529.017:WARNING:used_ids.h(55)] Duplicate id found. Reassigning from 3 to 13
[1109/195529.017:WARNING:used_ids.h(55)] Duplicate id found. Reassigning from 5 to 12
[1109/195529.017:WARNING:used_ids.h(55)] Duplicate id found. Reassigning from 6 to 11
[1109/195529.018:ERROR:audio_rtp_receiver.cc(88)] AudioRtpReceiver::OnSetVolume: No audio channel exists.
[1109/195542.294:WARNING:used_ids.h(55)] Duplicate id found. Reassigning from 104 to 127
[1109/195542.295:WARNING:used_ids.h(55)] Duplicate id found. Reassigning from 102 to 125
[1109/195542.295:WARNING:used_ids.h(55)] Duplicate id found. Reassigning from 104 to 124
[1109/195542.295:WARNING:used_ids.h(55)] Duplicate id found. Reassigning from 106 to 123
[1109/195542.295:WARNING:used_ids.h(55)] Duplicate id found. Reassigning from 110 to 122
[1109/195542.295:WARNING:used_ids.h(55)] Duplicate id found. Reassigning from 103 to 121
[1109/195542.295:WARNING:used_ids.h(55)] Duplicate id found. Reassigning from 105 to 120
[1109/195542.295:WARNING:used_ids.h(55)] Duplicate id found. Reassigning from 111 to 119
[1109/195542.537:WARNING:stun_port.cc(450)] Port[cb1d3380:0:1:0:local:Net[any:0:0:0:x:x:x:x:x/0:Wildcard:id=0]]: StunPort: stun host lookup received error 0
[1109/195542.562:ERROR:stun_port.cc(76)] Binding error response: class=4 number=1 reason=Unauthorized
[1109/195542.564:WARNING:turn_port.cc(826)] Port[ca04ed00:0:1:0:relay:Net[any:0:0:0:x:x:x:x:x/0:Wildcard:id=0]]: TURN host lookup received error 0
[1109/195542.564:WARNING:turn_port.cc(826)] Port[ca04de00:0:1:0:relay:Net[any:0:0:0:x:x:x:x:x/0:Wildcard:id=0]]: TURN host lookup received error 0
[1109/195542.593:WARNING:turn_port.cc(477)] Socket is bound to the address:192.168.0.x, rather than an address associated with network:Net[any:0.0.0.x/0:Wildcard:id=0]. Still allowing it since it's the 'any' address, possibly caused by multiple_routes being disabled.
[1109/195829.433:WARNING:angle_platform_impl.cc(48)] HLSLCompiler.cpp:257 (compileToBinary): 
C:\fakepath(85,1-6): warning X4000: use of potentially uninitialized variable (dyn_index_vec4_float4)

[1109/195829.554:WARNING:angle_platform_impl.cc(48)] HLSLCompiler.cpp:257 (compileToBinary): 
C:\fakepath(131,1): warning X4000: use of potentially uninitialized variable (f_i)
C:\fakepath(133,1): warning X4000: use of potentially uninitialized variable (f_i)
C:\fakepath(169,1): warning X4000: use of potentially uninitialized variable (f_u)

[1109/195832.109:WARNING:angle_platform_impl.cc(48)] HLSLCompiler.cpp:257 (compileToBinary): 
C:\fakepath(408,10-38): warning X4008: floating point division by zero
C:\fakepath(408,10-38): warning X4008: floating point division by zero

[1109/195834.227:ERROR:shared_image_manager.cc(214)] SharedImageManager::ProduceSkia: Trying to Produce a Skia representation from a non-existent mailbox.
[1109/195839.780:WARNING:angle_platform_impl.cc(48)] HLSLCompiler.cpp:257 (compileToBinary): 
C:\fakepath(85,1-6): warning X4000: use of potentially uninitialized variable (dyn_index_vec4_float4)

[1109/195839.908:WARNING:angle_platform_impl.cc(48)] HLSLCompiler.cpp:257 (compileToBinary): 
C:\fakepath(131,1): warning X4000: use of potentially uninitialized variable (f_i)
C:\fakepath(133,1): warning X4000: use of potentially uninitialized variable (f_i)
C:\fakepath(169,1): warning X4000: use of potentially uninitialized variable (f_u)

[1109/195842.305:WARNING:angle_platform_impl.cc(48)] HLSLCompiler.cpp:257 (compileToBinary): 
C:\fakepath(408,10-38): warning X4008: floating point division by zero
C:\fakepath(408,10-38): warning X4008: floating point division by zero

[1109/200006.572:WARNING:angle_platform_impl.cc(48)] HLSLCompiler.cpp:257 (compileToBinary): 
C:\fakepath(85,1-6): warning X4000: use of potentially uninitialized variable (dyn_index_vec4_float4)

[1109/200006.704:WARNING:angle_platform_impl.cc(48)] HLSLCompiler.cpp:257 (compileToBinary): 
C:\fakepath(131,1): warning X4000: use of potentially uninitialized variable (f_i)
C:\fakepath(133,1): warning X4000: use of potentially uninitialized variable (f_i)
C:\fakepath(169,1): warning X4000: use of potentially uninitialized variable (f_u)

[1109/200148.451:WARNING:angle_platform_impl.cc(48)] HLSLCompiler.cpp:257 (compileToBinary): 
C:\fakepath(85,1-6): warning X4000: use of potentially uninitialized variable (dyn_index_vec4_float4)

[1109/200148.584:WARNING:angle_platform_impl.cc(48)] HLSLCompiler.cpp:257 (compileToBinary): 
C:\fakepath(131,1): warning X4000: use of potentially uninitialized variable (f_i)
C:\fakepath(133,1): warning X4000: use of potentially uninitialized variable (f_i)
C:\fakepath(169,1): warning X4000: use of potentially uninitialized variable (f_u)

[1109/200151.116:WARNING:angle_platform_impl.cc(48)] HLSLCompiler.cpp:257 (compileToBinary): 
C:\fakepath(155,1): warning X4000: use of potentially uninitialized variable (f_renderMipMapLevel)

[1109/200151.176:WARNING:angle_platform_impl.cc(48)] HLSLCompiler.cpp:257 (compileToBinary): 
C:\fakepath(155,1): warning X4000: use of potentially uninitialized variable (f_renderMipMapLevel)

[1109/200152.324:WARNING:angle_platform_impl.cc(48)] HLSLCompiler.cpp:257 (compileToBinary): 
C:\fakepath(408,10-38): warning X4008: floating point division by zero
C:\fakepath(408,10-38): warning X4008: floating point division by zero

