[1109/174519.477:ERROR:gpu_init.cc(426)] Passthrough is not supported, GL is disabled
[1109/175234.756:WARNING:angle_platform_impl.cc(48)] HLSLCompiler.cpp:257 (compileToBinary): 
C:\fakepath(85,1-6): warning X4000: use of potentially uninitialized variable (dyn_index_vec4_float4)

[1109/175234.938:WARNING:angle_platform_impl.cc(48)] HLSLCompiler.cpp:257 (compileToBinary): 
C:\fakepath(131,1): warning X4000: use of potentially uninitialized variable (f_i)
C:\fakepath(133,1): warning X4000: use of potentially uninitialized variable (f_i)
C:\fakepath(169,1): warning X4000: use of potentially uninitialized variable (f_u)

[1109/175240.273:WARNING:angle_platform_impl.cc(48)] HLSLCompiler.cpp:257 (compileToBinary): 
C:\fakepath(155,1): warning X4000: use of potentially uninitialized variable (f_renderMipMapLevel)

[1109/175240.328:WARNING:angle_platform_impl.cc(48)] HLSLCompiler.cpp:257 (compileToBinary): 
C:\fakepath(155,1): warning X4000: use of potentially uninitialized variable (f_renderMipMapLevel)

[1109/175241.906:WARNING:angle_platform_impl.cc(48)] HLSLCompiler.cpp:257 (compileToBinary): 
C:\fakepath(408,10-38): warning X4008: floating point division by zero
C:\fakepath(408,10-38): warning X4008: floating point division by zero

[1109/175334.127:ERROR:shared_image_manager.cc(214)] SharedImageManager::ProduceSkia: Trying to Produce a Skia representation from a non-existent mailbox.
[1109/175346.485:WARNING:angle_platform_impl.cc(48)] HLSLCompiler.cpp:257 (compileToBinary): 
C:\fakepath(85,1-6): warning X4000: use of potentially uninitialized variable (dyn_index_vec4_float4)

[1109/175346.608:WARNING:angle_platform_impl.cc(48)] HLSLCompiler.cpp:257 (compileToBinary): 
C:\fakepath(131,1): warning X4000: use of potentially uninitialized variable (f_i)
C:\fakepath(133,1): warning X4000: use of potentially uninitialized variable (f_i)
C:\fakepath(169,1): warning X4000: use of potentially uninitialized variable (f_u)

[1109/175349.435:WARNING:angle_platform_impl.cc(48)] HLSLCompiler.cpp:257 (compileToBinary): 
C:\fakepath(155,1): warning X4000: use of potentially uninitialized variable (f_renderMipMapLevel)

[1109/175349.491:WARNING:angle_platform_impl.cc(48)] HLSLCompiler.cpp:257 (compileToBinary): 
C:\fakepath(155,1): warning X4000: use of potentially uninitialized variable (f_renderMipMapLevel)

[1109/175350.992:WARNING:angle_platform_impl.cc(48)] HLSLCompiler.cpp:257 (compileToBinary): 
C:\fakepath(408,10-38): warning X4008: floating point division by zero
C:\fakepath(408,10-38): warning X4008: floating point division by zero

[1109/175452.843:WARNING:angle_platform_impl.cc(48)] HLSLCompiler.cpp:257 (compileToBinary): 
C:\fakepath(85,1-6): warning X4000: use of potentially uninitialized variable (dyn_index_vec4_float4)

[1109/175452.972:WARNING:angle_platform_impl.cc(48)] HLSLCompiler.cpp:257 (compileToBinary): 
C:\fakepath(131,1): warning X4000: use of potentially uninitialized variable (f_i)
C:\fakepath(133,1): warning X4000: use of potentially uninitialized variable (f_i)
C:\fakepath(169,1): warning X4000: use of potentially uninitialized variable (f_u)

[1109/175455.401:WARNING:angle_platform_impl.cc(48)] HLSLCompiler.cpp:257 (compileToBinary): 
C:\fakepath(155,1): warning X4000: use of potentially uninitialized variable (f_renderMipMapLevel)

[1109/175456.395:WARNING:angle_platform_impl.cc(48)] HLSLCompiler.cpp:257 (compileToBinary): 
C:\fakepath(408,10-38): warning X4008: floating point division by zero
C:\fakepath(408,10-38): warning X4008: floating point division by zero

[1109/175533.250:WARNING:angle_platform_impl.cc(48)] HLSLCompiler.cpp:257 (compileToBinary): 
C:\fakepath(85,1-6): warning X4000: use of potentially uninitialized variable (dyn_index_vec4_float4)

[1109/175533.385:WARNING:angle_platform_impl.cc(48)] HLSLCompiler.cpp:257 (compileToBinary): 
C:\fakepath(131,1): warning X4000: use of potentially uninitialized variable (f_i)
C:\fakepath(133,1): warning X4000: use of potentially uninitialized variable (f_i)
C:\fakepath(169,1): warning X4000: use of potentially uninitialized variable (f_u)

[1109/175537.614:WARNING:angle_platform_impl.cc(48)] HLSLCompiler.cpp:257 (compileToBinary): 
C:\fakepath(155,1): warning X4000: use of potentially uninitialized variable (f_renderMipMapLevel)

[1109/175539.148:WARNING:angle_platform_impl.cc(48)] HLSLCompiler.cpp:257 (compileToBinary): 
C:\fakepath(408,10-38): warning X4008: floating point division by zero
C:\fakepath(408,10-38): warning X4008: floating point division by zero

[1109/175639.541:WARNING:angle_platform_impl.cc(48)] HLSLCompiler.cpp:257 (compileToBinary): 
C:\fakepath(155,1): warning X4000: use of potentially uninitialized variable (f_renderMipMapLevel)

[1109/175642.228:WARNING:used_ids.h(55)] Duplicate id found. Reassigning from 104 to 127
[1109/175642.228:WARNING:used_ids.h(55)] Duplicate id found. Reassigning from 102 to 125
[1109/175642.228:WARNING:used_ids.h(55)] Duplicate id found. Reassigning from 104 to 124
[1109/175642.228:WARNING:used_ids.h(55)] Duplicate id found. Reassigning from 106 to 123
[1109/175642.228:WARNING:used_ids.h(55)] Duplicate id found. Reassigning from 110 to 122
[1109/175642.229:WARNING:used_ids.h(55)] Duplicate id found. Reassigning from 103 to 121
[1109/175642.229:WARNING:used_ids.h(55)] Duplicate id found. Reassigning from 105 to 120
[1109/175642.229:WARNING:used_ids.h(55)] Duplicate id found. Reassigning from 111 to 119
[1109/175642.234:WARNING:used_ids.h(55)] Duplicate id found. Reassigning from 1 to 14
[1109/175642.235:WARNING:used_ids.h(55)] Duplicate id found. Reassigning from 3 to 13
[1109/175642.235:WARNING:used_ids.h(55)] Duplicate id found. Reassigning from 5 to 12
[1109/175642.235:WARNING:used_ids.h(55)] Duplicate id found. Reassigning from 6 to 11
[1109/175642.241:ERROR:audio_rtp_receiver.cc(88)] AudioRtpReceiver::OnSetVolume: No audio channel exists.
[1109/175802.518:WARNING:used_ids.h(55)] Duplicate id found. Reassigning from 104 to 127
[1109/175802.518:WARNING:used_ids.h(55)] Duplicate id found. Reassigning from 102 to 125
[1109/175802.518:WARNING:used_ids.h(55)] Duplicate id found. Reassigning from 104 to 124
[1109/175802.518:WARNING:used_ids.h(55)] Duplicate id found. Reassigning from 106 to 123
[1109/175802.518:WARNING:used_ids.h(55)] Duplicate id found. Reassigning from 110 to 122
[1109/175802.518:WARNING:used_ids.h(55)] Duplicate id found. Reassigning from 103 to 121
[1109/175802.518:WARNING:used_ids.h(55)] Duplicate id found. Reassigning from 105 to 120
[1109/175802.518:WARNING:used_ids.h(55)] Duplicate id found. Reassigning from 111 to 119
[1109/175803.329:WARNING:stun_port.cc(450)] Port[9076c400:0:1:0:local:Net[any:0:0:0:x:x:x:x:x/0:Wildcard:id=0]]: StunPort: stun host lookup received error 0
[1109/175803.329:WARNING:turn_port.cc(826)] Port[8f43cf00:0:1:0:relay:Net[any:0:0:0:x:x:x:x:x/0:Wildcard:id=0]]: TURN host lookup received error 0
[1109/175803.329:WARNING:turn_port.cc(826)] Port[8f43e580:0:1:0:relay:Net[any:0:0:0:x:x:x:x:x/0:Wildcard:id=0]]: TURN host lookup received error 0
[1109/175803.354:ERROR:stun_port.cc(76)] Binding error response: class=4 number=1 reason=Unauthorized
[1109/175803.358:WARNING:turn_port.cc(477)] Socket is bound to the address:192.168.0.x, rather than an address associated with network:Net[any:0.0.0.x/0:Wildcard:id=0]. Still allowing it since it's the 'any' address, possibly caused by multiple_routes being disabled.
